module_trade/build/intermediates/manifest_merge_blame_file/debug/manifest-merger-blame-debug-report.txt
1<?xml version="1.0" encoding="utf-8"?>
2<manifest xmlns:android="http://schemas.android.com/apk/res/android"
3    package="org.devio.as.hi.module_trade" >
4
5    <uses-sdk
6        android:minSdkVersion="21"
6-->src/main/AndroidManifest.xml
7        android:targetSdkVersion="29" />
7-->src/main/AndroidManifest.xml
8
9    <application android:allowBackup="true" >
9-->src/main/AndroidManifest.xml:3:5-7:19
9-->src/main/AndroidManifest.xml:4:9-35
10        <activity android:name="org.devio.as.hi.module_trade.TradeDetailActivity" />
10-->src/main/AndroidManifest.xml:6:9-56
10-->src/main/AndroidManifest.xml:6:19-54
11    </application>
12
13</manifest>